C51 COMPILER V9.60.7.0   REG51                                                             05/13/2025 15:52:11 PAGE 1   


C51 COMPILER V9.60.7.0, COMPILATION OF MODULE REG51
OBJECT MODULE PLACED IN .\Objects\reg51.obj
COMPILER INVOKED BY: E:\shoocl\c51\C51\BIN\C51.EXE reg51.c OPTIMIZE(8,SPEED) BROWSE DEBUG OBJECTEXTEND PRINT(.\Listings\
                    -reg51.lst) TABS(2) OBJECT(.\Objects\reg51.obj)

line level    source

   1          #include <reg51.h>
   2          #include <intrins.h>
   3          #define uint unsigned int
   4          #define uchar unsigned char
   5            void delay(uint z);
   6          uchar count=0;
   7          uchar i=0;
   8          uchar code LEDlist[] = {0x3f,0x06,0x5b,0x4f,0x66,0x6f,0x7d,0x07,0x7f,0x6f,0x77,0x7c,0x39,0x5e,0x79,0x71};
   9          uchar code xh[] = {1,3,7,2,2,7};
  10          void main()
  11          {
  12   1          TMOD=0x10;
  13   1          TH1=(65536 - 10000)/256; // Éè50ms³õÖµ
  14   1          TL1=(65536 - 10000)%256;
  15   1          EA=1;
  16   1          ET1=1;
  17   1          TR1=1;
  18   1          P1=0x01;
  19   1        //P2 = LEDlist[xh[i]];
  20   1          while(1){
  21   2          //delay(2);
  22   2          
  23   2          }
  24   1      }
  25          
  26          void timer1() interrupt 3
  27          {
  28   1          TH1=(65536-9500)/256;
  29   1          TL1=(65536-9500)%256;
  30   1          count++;
  31   1          if (count>=2) {
  32   2            //count=0;
  33   2            P2 = ~LEDlist[xh[i]];
  34   2            
  35   2            
  36   2            P1=_crol_(P1,1);
  37   2            i++;
  38   2            if(i>=6){
  39   3            i=0;
  40   3            P1=0x01;
  41   3               //count=0;
  42   3            }
  43   2            
  44   2          }
  45   1      }
  46          void delay(uint z){
  47   1        uint x,y;
  48   1        for(x=z;x>0;x--)
  49   1          for(y=100;y>0;y--);
  50   1      }
  51          //ÄßºÆ¶«202210137227


MODULE INFORMATION:   STATIC OVERLAYABLE
C51 COMPILER V9.60.7.0   REG51                                                             05/13/2025 15:52:11 PAGE 2   

   CODE SIZE        =    134    ----
   CONSTANT SIZE    =     22    ----
   XDATA SIZE       =   ----    ----
   PDATA SIZE       =   ----    ----
   DATA SIZE        =      2    ----
   IDATA SIZE       =   ----    ----
   BIT SIZE         =   ----    ----
END OF MODULE INFORMATION.


C51 COMPILATION COMPLETE.  0 WARNING(S),  0 ERROR(S)
